\BOOKMARK [1][-]{Doc-Start}{\376\377\116\000\060\001\213\276\213\241\140\035\215\357}{}% 1
\BOOKMARK [2][-]{subsection.1.1}{\376\377\142\200\147\057\220\011\127\213\164\006\165\061}{Doc-Start}% 2
\BOOKMARK [2][-]{subsection.1.2}{\376\377\174\373\176\337\147\266\147\204\213\276\213\241}{Doc-Start}% 3
\BOOKMARK [1][-]{subsection.1.2}{\376\377\116\214\060\001\165\333\160\271\122\006\147\220}{}% 4
\BOOKMARK [2][-]{subsection.2.3}{\376\377\122\033\117\134\121\263\173\126\177\072\116\117\171\321\133\146\117\235\143\156}{subsection.1.2}% 5
\BOOKMARK [2][-]{subsection.2.4}{\376\377\215\213\122\277\213\306\122\053\156\336\124\016\140\047\146\016\146\076}{subsection.1.2}% 6
\BOOKMARK [2][-]{subsection.2.5}{\376\377\121\205\133\271\124\014\215\050\123\026\172\336\116\211\157\300\160\310}{subsection.1.2}% 7
\BOOKMARK [2][-]{subsection.2.6}{\376\377\145\160\143\156\122\006\147\220\135\345\121\167\225\350\151\333\217\307\232\330}{subsection.1.2}% 8
\BOOKMARK [2][-]{subsection.2.7}{\376\377\145\160\143\156\164\006\211\343\124\214\136\224\165\050\200\375\122\233\116\015\215\263}{subsection.1.2}% 9
\BOOKMARK [2][-]{subsection.2.8}{\376\377\165\050\142\067\210\114\116\072\164\006\211\343\155\361\136\246\116\015\131\037}{subsection.1.2}% 10
\BOOKMARK [1][-]{subsection.2.8}{\376\377\116\011\060\001\211\343\121\263\166\204\225\356\230\230}{}% 11
\BOOKMARK [2][-]{subsection.3.9}{\376\377\147\204\136\372\171\321\133\146\166\204\145\160\143\156\121\263\173\126\117\123\174\373}{subsection.2.8}% 12
\BOOKMARK [2][-]{subsection.3.10}{\376\377\133\236\163\260\146\172\200\375\123\026\215\213\122\277\230\204\155\113}{subsection.2.8}% 13
\BOOKMARK [2][-]{subsection.3.11}{\376\377\143\320\117\233\116\052\140\047\123\026\122\033\117\134\147\015\122\241}{subsection.2.8}% 14
\BOOKMARK [2][-]{subsection.3.12}{\376\377\226\115\117\116\145\160\143\156\122\006\147\220\225\350\151\333}{subsection.2.8}% 15
\BOOKMARK [2][-]{subsection.3.13}{\376\377\142\123\170\064\142\020\147\054\130\301\127\222}{subsection.2.8}% 16
\BOOKMARK [2][-]{subsection.3.14}{\376\377\117\303\217\333\210\114\116\032\165\037\140\001\123\321\134\125}{subsection.2.8}% 17
\BOOKMARK [1][-]{subsection.3.14}{\376\377\126\333\060\001\122\237\200\375\116\313\176\315}{}% 18
\BOOKMARK [2][-]{subsection.4.15}{\376\377\150\070\137\303\142\200\147\057\133\236\163\260}{subsection.3.14}% 19
\BOOKMARK [1][-]{lstnumber.2.16}{\376\377\116\224\060\001\210\145\121\105\121\166\116\326}{}% 20
\BOOKMARK [2][-]{subsection.5.16}{\376\377\145\160\143\156\215\104\156\220\116\016\131\004\164\006\200\375\122\233}{lstnumber.2.16}% 21
\BOOKMARK [2][-]{subsection.5.17}{\376\377\173\227\154\325\122\033\145\260\116\016\142\200\147\057\172\201\170\064}{lstnumber.2.16}% 22
\BOOKMARK [2][-]{subsection.5.18}{\376\377\174\373\176\337\140\047\200\375\116\016\165\050\142\067\117\123\232\214}{lstnumber.2.16}% 23
\BOOKMARK [2][-]{subsection.5.19}{\376\377\125\106\116\032\116\367\120\074\116\016\171\076\117\032\137\161\124\315}{lstnumber.2.16}% 24
\BOOKMARK [2][-]{subsection.5.20}{\376\377\174\373\176\337\147\266\147\204\126\376\210\150}{lstnumber.2.16}% 25
\BOOKMARK [2][-]{subsection.5.21}{\376\377\142\200\147\057\143\021\142\030\116\016\211\343\121\263\145\271\150\110}{lstnumber.2.16}% 26
\BOOKMARK [2][-]{subsection.5.22}{\376\377\145\160\143\156\131\004\164\006\155\101\172\013\126\376}{lstnumber.2.16}% 27
\BOOKMARK [2][-]{subsection.5.23}{\376\377\147\052\147\145\123\321\134\125\211\304\122\022}{lstnumber.2.16}% 28
